  Pokedex.cpp
Pokedex.obj : error LNK2019: unresolved external symbol SDL_GetError referenced in function SDL_main
Pokedex.obj : error LNK2019: unresolved external symbol SDL_FreeSurface referenced in function SDL_main
Pokedex.obj : error LNK2019: unresolved external symbol SDL_CreateWindow referenced in function SDL_main
Pokedex.obj : error LNK2019: unresolved external symbol SDL_DestroyWindow referenced in function SDL_main
Pokedex.obj : error LNK2019: unresolved external symbol SDL_PollEvent referenced in function SDL_main
Pokedex.obj : error LNK2019: unresolved external symbol SDL_CreateRenderer referenced in function SDL_main
Pokedex.obj : error LNK2019: unresolved external symbol SDL_CreateTextureFromSurface referenced in function SDL_main
Pokedex.obj : error LNK2019: unresolved external symbol SDL_SetRenderDrawColor referenced in function SDL_main
Pokedex.obj : error LNK2019: unresolved external symbol SDL_RenderClear referenced in function SDL_main
Pokedex.obj : error LNK2019: unresolved external symbol SDL_RenderCopy referenced in function SDL_main
Pokedex.obj : error LNK2019: unresolved external symbol SDL_RenderPresent referenced in function SDL_main
Pokedex.obj : error LNK2019: unresolved external symbol SDL_DestroyTexture referenced in function SDL_main
Pokedex.obj : error LNK2019: unresolved external symbol SDL_Init referenced in function SDL_main
Pokedex.obj : error LNK2019: unresolved external symbol SDL_Quit referenced in function SDL_main
Pokedex.obj : error LNK2019: unresolved external symbol TTF_Init referenced in function SDL_main
Pokedex.obj : error LNK2019: unresolved external symbol TTF_OpenFont referenced in function SDL_main
Pokedex.obj : error LNK2019: unresolved external symbol TTF_RenderText_Blended referenced in function SDL_main
Pokedex.obj : error LNK2019: unresolved external symbol TTF_CloseFont referenced in function SDL_main
Pokedex.obj : error LNK2019: unresolved external symbol TTF_Quit referenced in function SDL_main
MSVCRTD.lib(exe_main.obj) : error LNK2019: unresolved external symbol main referenced in function "int __cdecl invoke_main(void)" (?invoke_main@@YAHXZ)
C:\misc\miyoodev\projects\Pokedex\x64\Debug\Pokedex.exe : fatal error LNK1120: 20 unresolved externals
